  bezierSurface.cpp
f:\cga\experimentersource3rdedoriginal - extra copy\chapter10\beziersurface\beziersurface.cpp(76): warning C4838: conversion from 'double' to 'float' requires a narrowing conversion
f:\cga\experimentersource3rdedoriginal - extra copy\chapter10\beziersurface\beziersurface.cpp(76): warning C4305: 'initializing': truncation from 'double' to 'float'
f:\cga\experimentersource3rdedoriginal - extra copy\chapter10\beziersurface\beziersurface.cpp(85): warning C4838: conversion from 'double' to 'float' requires a narrowing conversion
f:\cga\experimentersource3rdedoriginal - extra copy\chapter10\beziersurface\beziersurface.cpp(85): warning C4305: 'initializing': truncation from 'double' to 'float'
f:\cga\experimentersource3rdedoriginal - extra copy\chapter10\beziersurface\beziersurface.cpp(159): warning C4838: conversion from 'double' to 'float' requires a narrowing conversion
f:\cga\experimentersource3rdedoriginal - extra copy\chapter10\beziersurface\beziersurface.cpp(159): warning C4305: 'initializing': truncation from 'double' to 'float'
f:\cga\experimentersource3rdedoriginal - extra copy\chapter10\beziersurface\beziersurface.cpp(168): warning C4838: conversion from 'double' to 'float' requires a narrowing conversion
f:\cga\experimentersource3rdedoriginal - extra copy\chapter10\beziersurface\beziersurface.cpp(168): warning C4305: 'initializing': truncation from 'double' to 'float'
f:\cga\experimentersource3rdedoriginal - extra copy\chapter10\beziersurface\beziersurface.cpp(218): warning C4244: 'initializing': conversion from 'double' to 'int', possible loss of data
f:\cga\experimentersource3rdedoriginal - extra copy\chapter10\beziersurface\beziersurface.cpp(219): warning C4244: 'initializing': conversion from 'double' to 'int', possible loss of data
f:\cga\experimentersource3rdedoriginal - extra copy\chapter10\beziersurface\beziersurface.cpp(250): warning C4305: '-=': truncation from 'double' to 'float'
f:\cga\experimentersource3rdedoriginal - extra copy\chapter10\beziersurface\beziersurface.cpp(255): warning C4305: '+=': truncation from 'double' to 'float'
f:\cga\experimentersource3rdedoriginal - extra copy\chapter10\beziersurface\beziersurface.cpp(260): warning C4305: '+=': truncation from 'double' to 'float'
f:\cga\experimentersource3rdedoriginal - extra copy\chapter10\beziersurface\beziersurface.cpp(265): warning C4305: '-=': truncation from 'double' to 'float'
f:\cga\experimentersource3rdedoriginal - extra copy\chapter10\beziersurface\beziersurface.cpp(277): warning C4305: '+=': truncation from 'double' to 'float'
f:\cga\experimentersource3rdedoriginal - extra copy\chapter10\beziersurface\beziersurface.cpp(282): warning C4305: 'initializing': truncation from 'double' to 'float'
f:\cga\experimentersource3rdedoriginal - extra copy\chapter10\beziersurface\beziersurface.cpp(283): warning C4305: '-=': truncation from 'double' to 'float'
f:\cga\experimentersource3rdedoriginal - extra copy\chapter10\beziersurface\beziersurface.cpp(416): warning C4244: '+=': conversion from 'double' to 'int', possible loss of data
f:\cga\experimentersource3rdedoriginal - extra copy\chapter10\beziersurface\beziersurface.cpp(417): warning C4244: '+=': conversion from 'double' to 'int', possible loss of data
f:\cga\experimentersource3rdedoriginal - extra copy\chapter10\beziersurface\beziersurface.cpp(422): warning C4244: '-=': conversion from 'double' to 'int', possible loss of data
f:\cga\experimentersource3rdedoriginal - extra copy\chapter10\beziersurface\beziersurface.cpp(423): warning C4244: '-=': conversion from 'double' to 'int', possible loss of data
f:\cga\experimentersource3rdedoriginal - extra copy\chapter10\beziersurface\beziersurface.cpp(663): warning C4838: conversion from 'double' to 'float' requires a narrowing conversion
f:\cga\experimentersource3rdedoriginal - extra copy\chapter10\beziersurface\beziersurface.cpp(663): warning C4305: 'initializing': truncation from 'double' to 'float'
f:\cga\experimentersource3rdedoriginal - extra copy\chapter10\beziersurface\beziersurface.cpp(704): warning C4244: 'argument': conversion from 'int' to 'GLfloat', possible loss of data
f:\cga\experimentersource3rdedoriginal - extra copy\chapter10\beziersurface\beziersurface.cpp(710): warning C4244: 'argument': conversion from 'int' to 'GLfloat', possible loss of data
f:\cga\experimentersource3rdedoriginal - extra copy\chapter10\beziersurface\beziersurface.cpp(722): warning C4244: 'argument': conversion from 'int' to 'GLfloat', possible loss of data
f:\cga\experimentersource3rdedoriginal - extra copy\chapter10\beziersurface\beziersurface.cpp(729): warning C4244: 'argument': conversion from 'int' to 'GLfloat', possible loss of data
f:\cga\experimentersource3rdedoriginal - extra copy\chapter10\beziersurface\beziersurface.cpp(1076): warning C4838: conversion from 'double' to 'float' requires a narrowing conversion
f:\cga\experimentersource3rdedoriginal - extra copy\chapter10\beziersurface\beziersurface.cpp(1076): warning C4305: 'initializing': truncation from 'double' to 'float'
f:\cga\experimentersource3rdedoriginal - extra copy\chapter10\beziersurface\beziersurface.cpp(1077): warning C4838: conversion from 'double' to 'float' requires a narrowing conversion
f:\cga\experimentersource3rdedoriginal - extra copy\chapter10\beziersurface\beziersurface.cpp(1077): warning C4305: 'initializing': truncation from 'double' to 'float'
f:\cga\experimentersource3rdedoriginal - extra copy\chapter10\beziersurface\beziersurface.cpp(1108): warning C4305: 'argument': truncation from 'double' to 'GLfloat'
f:\cga\experimentersource3rdedoriginal - extra copy\chapter10\beziersurface\beziersurface.cpp(1111): warning C4838: conversion from 'double' to 'float' requires a narrowing conversion
f:\cga\experimentersource3rdedoriginal - extra copy\chapter10\beziersurface\beziersurface.cpp(1111): warning C4305: 'initializing': truncation from 'double' to 'float'
f:\cga\experimentersource3rdedoriginal - extra copy\chapter10\beziersurface\beziersurface.cpp(1112): warning C4838: conversion from 'double' to 'float' requires a narrowing conversion
f:\cga\experimentersource3rdedoriginal - extra copy\chapter10\beziersurface\beziersurface.cpp(1112): warning C4305: 'initializing': truncation from 'double' to 'float'
f:\cga\experimentersource3rdedoriginal - extra copy\chapter10\beziersurface\beziersurface.cpp(1143): warning C4305: 'argument': truncation from 'double' to 'GLfloat'
f:\cga\experimentersource3rdedoriginal - extra copy\chapter10\beziersurface\beziersurface.cpp(1145): warning C4838: conversion from 'double' to 'float' requires a narrowing conversion
f:\cga\experimentersource3rdedoriginal - extra copy\chapter10\beziersurface\beziersurface.cpp(1145): warning C4305: 'initializing': truncation from 'double' to 'float'
f:\cga\experimentersource3rdedoriginal - extra copy\chapter10\beziersurface\beziersurface.cpp(1146): warning C4838: conversion from 'double' to 'float' requires a narrowing conversion
f:\cga\experimentersource3rdedoriginal - extra copy\chapter10\beziersurface\beziersurface.cpp(1146): warning C4305: 'initializing': truncation from 'double' to 'float'
f:\cga\experimentersource3rdedoriginal - extra copy\chapter10\beziersurface\beziersurface.cpp(1177): warning C4305: 'argument': truncation from 'double' to 'GLfloat'
f:\cga\experimentersource3rdedoriginal - extra copy\chapter10\beziersurface\beziersurface.cpp(1179): warning C4838: conversion from 'double' to 'float' requires a narrowing conversion
f:\cga\experimentersource3rdedoriginal - extra copy\chapter10\beziersurface\beziersurface.cpp(1179): warning C4305: 'initializing': truncation from 'double' to 'float'
f:\cga\experimentersource3rdedoriginal - extra copy\chapter10\beziersurface\beziersurface.cpp(1180): warning C4838: conversion from 'double' to 'float' requires a narrowing conversion
f:\cga\experimentersource3rdedoriginal - extra copy\chapter10\beziersurface\beziersurface.cpp(1180): warning C4305: 'initializing': truncation from 'double' to 'float'
f:\cga\experimentersource3rdedoriginal - extra copy\chapter10\beziersurface\beziersurface.cpp(1210): warning C4305: 'argument': truncation from 'double' to 'GLfloat'
f:\cga\experimentersource3rdedoriginal - extra copy\chapter10\beziersurface\beziersurface.cpp(1212): warning C4838: conversion from 'double' to 'float' requires a narrowing conversion
f:\cga\experimentersource3rdedoriginal - extra copy\chapter10\beziersurface\beziersurface.cpp(1212): warning C4305: 'initializing': truncation from 'double' to 'float'
f:\cga\experimentersource3rdedoriginal - extra copy\chapter10\beziersurface\beziersurface.cpp(1213): warning C4838: conversion from 'double' to 'float' requires a narrowing conversion
f:\cga\experimentersource3rdedoriginal - extra copy\chapter10\beziersurface\beziersurface.cpp(1213): warning C4305: 'initializing': truncation from 'double' to 'float'
f:\cga\experimentersource3rdedoriginal - extra copy\chapter10\beziersurface\beziersurface.cpp(1243): warning C4305: 'argument': truncation from 'double' to 'GLfloat'
f:\cga\experimentersource3rdedoriginal - extra copy\chapter10\beziersurface\beziersurface.cpp(1245): warning C4838: conversion from 'double' to 'float' requires a narrowing conversion
f:\cga\experimentersource3rdedoriginal - extra copy\chapter10\beziersurface\beziersurface.cpp(1245): warning C4305: 'initializing': truncation from 'double' to 'float'
f:\cga\experimentersource3rdedoriginal - extra copy\chapter10\beziersurface\beziersurface.cpp(1246): warning C4838: conversion from 'double' to 'float' requires a narrowing conversion
f:\cga\experimentersource3rdedoriginal - extra copy\chapter10\beziersurface\beziersurface.cpp(1246): warning C4305: 'initializing': truncation from 'double' to 'float'
f:\cga\experimentersource3rdedoriginal - extra copy\chapter10\beziersurface\beziersurface.cpp(1276): warning C4305: 'argument': truncation from 'double' to 'GLfloat'
f:\cga\experimentersource3rdedoriginal - extra copy\chapter10\beziersurface\beziersurface.cpp(1278): warning C4838: conversion from 'double' to 'float' requires a narrowing conversion
f:\cga\experimentersource3rdedoriginal - extra copy\chapter10\beziersurface\beziersurface.cpp(1278): warning C4305: 'initializing': truncation from 'double' to 'float'
f:\cga\experimentersource3rdedoriginal - extra copy\chapter10\beziersurface\beziersurface.cpp(1279): warning C4838: conversion from 'double' to 'float' requires a narrowing conversion
f:\cga\experimentersource3rdedoriginal - extra copy\chapter10\beziersurface\beziersurface.cpp(1279): warning C4305: 'initializing': truncation from 'double' to 'float'
f:\cga\experimentersource3rdedoriginal - extra copy\chapter10\beziersurface\beziersurface.cpp(1310): warning C4305: 'argument': truncation from 'double' to 'GLfloat'
f:\cga\experimentersource3rdedoriginal - extra copy\chapter10\beziersurface\beziersurface.cpp(1312): warning C4838: conversion from 'double' to 'float' requires a narrowing conversion
f:\cga\experimentersource3rdedoriginal - extra copy\chapter10\beziersurface\beziersurface.cpp(1312): warning C4305: 'initializing': truncation from 'double' to 'float'
f:\cga\experimentersource3rdedoriginal - extra copy\chapter10\beziersurface\beziersurface.cpp(1313): warning C4838: conversion from 'double' to 'float' requires a narrowing conversion
f:\cga\experimentersource3rdedoriginal - extra copy\chapter10\beziersurface\beziersurface.cpp(1313): warning C4305: 'initializing': truncation from 'double' to 'float'
f:\cga\experimentersource3rdedoriginal - extra copy\chapter10\beziersurface\beziersurface.cpp(1342): warning C4305: 'argument': truncation from 'double' to 'GLfloat'
f:\cga\experimentersource3rdedoriginal - extra copy\chapter10\beziersurface\beziersurface.cpp(1344): warning C4838: conversion from 'double' to 'float' requires a narrowing conversion
f:\cga\experimentersource3rdedoriginal - extra copy\chapter10\beziersurface\beziersurface.cpp(1344): warning C4305: 'initializing': truncation from 'double' to 'float'
f:\cga\experimentersource3rdedoriginal - extra copy\chapter10\beziersurface\beziersurface.cpp(1345): warning C4838: conversion from 'double' to 'float' requires a narrowing conversion
f:\cga\experimentersource3rdedoriginal - extra copy\chapter10\beziersurface\beziersurface.cpp(1345): warning C4305: 'initializing': truncation from 'double' to 'float'
f:\cga\experimentersource3rdedoriginal - extra copy\chapter10\beziersurface\beziersurface.cpp(1374): warning C4305: 'argument': truncation from 'double' to 'GLfloat'
f:\cga\experimentersource3rdedoriginal - extra copy\chapter10\beziersurface\beziersurface.cpp(1376): warning C4838: conversion from 'double' to 'float' requires a narrowing conversion
f:\cga\experimentersource3rdedoriginal - extra copy\chapter10\beziersurface\beziersurface.cpp(1376): warning C4305: 'initializing': truncation from 'double' to 'float'
f:\cga\experimentersource3rdedoriginal - extra copy\chapter10\beziersurface\beziersurface.cpp(1377): warning C4838: conversion from 'double' to 'float' requires a narrowing conversion
f:\cga\experimentersource3rdedoriginal - extra copy\chapter10\beziersurface\beziersurface.cpp(1377): warning C4305: 'initializing': truncation from 'double' to 'float'
f:\cga\experimentersource3rdedoriginal - extra copy\chapter10\beziersurface\beziersurface.cpp(1407): warning C4305: 'argument': truncation from 'double' to 'GLfloat'
f:\cga\experimentersource3rdedoriginal - extra copy\chapter10\beziersurface\beziersurface.cpp(1409): warning C4838: conversion from 'double' to 'float' requires a narrowing conversion
f:\cga\experimentersource3rdedoriginal - extra copy\chapter10\beziersurface\beziersurface.cpp(1409): warning C4305: 'initializing': truncation from 'double' to 'float'
f:\cga\experimentersource3rdedoriginal - extra copy\chapter10\beziersurface\beziersurface.cpp(1410): warning C4838: conversion from 'double' to 'float' requires a narrowing conversion
f:\cga\experimentersource3rdedoriginal - extra copy\chapter10\beziersurface\beziersurface.cpp(1410): warning C4305: 'initializing': truncation from 'double' to 'float'
f:\cga\experimentersource3rdedoriginal - extra copy\chapter10\beziersurface\beziersurface.cpp(1440): warning C4305: 'argument': truncation from 'double' to 'GLfloat'
f:\cga\experimentersource3rdedoriginal - extra copy\chapter10\beziersurface\beziersurface.cpp(1442): warning C4838: conversion from 'double' to 'float' requires a narrowing conversion
f:\cga\experimentersource3rdedoriginal - extra copy\chapter10\beziersurface\beziersurface.cpp(1442): warning C4305: 'initializing': truncation from 'double' to 'float'
f:\cga\experimentersource3rdedoriginal - extra copy\chapter10\beziersurface\beziersurface.cpp(1443): warning C4838: conversion from 'double' to 'float' requires a narrowing conversion
f:\cga\experimentersource3rdedoriginal - extra copy\chapter10\beziersurface\beziersurface.cpp(1443): warning C4305: 'initializing': truncation from 'double' to 'float'
f:\cga\experimentersource3rdedoriginal - extra copy\chapter10\beziersurface\beziersurface.cpp(1473): warning C4305: 'argument': truncation from 'double' to 'GLfloat'
f:\cga\experimentersource3rdedoriginal - extra copy\chapter10\beziersurface\beziersurface.cpp(1475): warning C4838: conversion from 'double' to 'float' requires a narrowing conversion
f:\cga\experimentersource3rdedoriginal - extra copy\chapter10\beziersurface\beziersurface.cpp(1475): warning C4305: 'initializing': truncation from 'double' to 'float'
f:\cga\experimentersource3rdedoriginal - extra copy\chapter10\beziersurface\beziersurface.cpp(1476): warning C4838: conversion from 'double' to 'float' requires a narrowing conversion
f:\cga\experimentersource3rdedoriginal - extra copy\chapter10\beziersurface\beziersurface.cpp(1476): warning C4305: 'initializing': truncation from 'double' to 'float'
f:\cga\experimentersource3rdedoriginal - extra copy\chapter10\beziersurface\beziersurface.cpp(1506): warning C4305: 'argument': truncation from 'double' to 'GLfloat'
f:\cga\experimentersource3rdedoriginal - extra copy\chapter10\beziersurface\beziersurface.cpp(1508): warning C4838: conversion from 'double' to 'float' requires a narrowing conversion
f:\cga\experimentersource3rdedoriginal - extra copy\chapter10\beziersurface\beziersurface.cpp(1508): warning C4305: 'initializing': truncation from 'double' to 'float'
f:\cga\experimentersource3rdedoriginal - extra copy\chapter10\beziersurface\beziersurface.cpp(1509): warning C4838: conversion from 'double' to 'float' requires a narrowing conversion
f:\cga\experimentersource3rdedoriginal - extra copy\chapter10\beziersurface\beziersurface.cpp(1509): warning C4305: 'initializing': truncation from 'double' to 'float'
f:\cga\experimentersource3rdedoriginal - extra copy\chapter10\beziersurface\beziersurface.cpp(1539): warning C4305: 'argument': truncation from 'double' to 'GLfloat'
f:\cga\experimentersource3rdedoriginal - extra copy\chapter10\beziersurface\beziersurface.cpp(1541): warning C4838: conversion from 'double' to 'float' requires a narrowing conversion
f:\cga\experimentersource3rdedoriginal - extra copy\chapter10\beziersurface\beziersurface.cpp(1541): warning C4305: 'initializing': truncation from 'double' to 'float'
f:\cga\experimentersource3rdedoriginal - extra copy\chapter10\beziersurface\beziersurface.cpp(1542): warning C4838: conversion from 'double' to 'float' requires a narrowing conversion
f:\cga\experimentersource3rdedoriginal - extra copy\chapter10\beziersurface\beziersurface.cpp(1542): warning C4305: 'initializing': truncation from 'double' to 'float'
f:\cga\experimentersource3rdedoriginal - extra copy\chapter10\beziersurface\beziersurface.cpp(1572): warning C4305: 'argument': truncation from 'double' to 'GLfloat'
f:\cga\experimentersource3rdedoriginal - extra copy\chapter10\beziersurface\beziersurface.cpp(1574): warning C4838: conversion from 'double' to 'float' requires a narrowing conversion
f:\cga\experimentersource3rdedoriginal - extra copy\chapter10\beziersurface\beziersurface.cpp(1574): warning C4305: 'initializing': truncation from 'double' to 'float'
f:\cga\experimentersource3rdedoriginal - extra copy\chapter10\beziersurface\beziersurface.cpp(1575): warning C4838: conversion from 'double' to 'float' requires a narrowing conversion
f:\cga\experimentersource3rdedoriginal - extra copy\chapter10\beziersurface\beziersurface.cpp(1575): warning C4305: 'initializing': truncation from 'double' to 'float'
f:\cga\experimentersource3rdedoriginal - extra copy\chapter10\beziersurface\beziersurface.cpp(1606): warning C4305: 'argument': truncation from 'double' to 'GLfloat'
f:\cga\experimentersource3rdedoriginal - extra copy\chapter10\beziersurface\beziersurface.cpp(1608): warning C4838: conversion from 'double' to 'float' requires a narrowing conversion
f:\cga\experimentersource3rdedoriginal - extra copy\chapter10\beziersurface\beziersurface.cpp(1608): warning C4305: 'initializing': truncation from 'double' to 'float'
f:\cga\experimentersource3rdedoriginal - extra copy\chapter10\beziersurface\beziersurface.cpp(1609): warning C4838: conversion from 'double' to 'float' requires a narrowing conversion
f:\cga\experimentersource3rdedoriginal - extra copy\chapter10\beziersurface\beziersurface.cpp(1609): warning C4305: 'initializing': truncation from 'double' to 'float'
f:\cga\experimentersource3rdedoriginal - extra copy\chapter10\beziersurface\beziersurface.cpp(1640): warning C4305: 'argument': truncation from 'double' to 'GLfloat'
f:\cga\experimentersource3rdedoriginal - extra copy\chapter10\beziersurface\beziersurface.cpp(1642): warning C4838: conversion from 'double' to 'float' requires a narrowing conversion
f:\cga\experimentersource3rdedoriginal - extra copy\chapter10\beziersurface\beziersurface.cpp(1642): warning C4305: 'initializing': truncation from 'double' to 'float'
f:\cga\experimentersource3rdedoriginal - extra copy\chapter10\beziersurface\beziersurface.cpp(1643): warning C4838: conversion from 'double' to 'float' requires a narrowing conversion
f:\cga\experimentersource3rdedoriginal - extra copy\chapter10\beziersurface\beziersurface.cpp(1643): warning C4305: 'initializing': truncation from 'double' to 'float'
f:\cga\experimentersource3rdedoriginal - extra copy\chapter10\beziersurface\beziersurface.cpp(682): warning C4101: 'j': unreferenced local variable
f:\cga\experimentersource3rdedoriginal - extra copy\chapter10\beziersurface\beziersurface.cpp(682): warning C4101: 'i': unreferenced local variable
f:\cga\experimentersource3rdedoriginal - extra copy\chapter10\beziersurface\beziersurface.cpp(1713): warning C4244: '=': conversion from 'double' to 'int', possible loss of data
f:\cga\experimentersource3rdedoriginal - extra copy\chapter10\beziersurface\beziersurface.cpp(1714): warning C4244: '=': conversion from 'double' to 'int', possible loss of data
  BezierSurface.vcxproj -> F:\cga\ExperimenterSource3rdEdOriginal - Extra Copy\Chapter10\BezierSurface\Debug\BezierSurface.exe
  BezierSurface.vcxproj -> F:\cga\ExperimenterSource3rdEdOriginal - Extra Copy\Chapter10\BezierSurface\Debug\BezierSurface.pdb (Full PDB)
